<?xml version="1.0" encoding="UTF-8"?>
<testsuite xmlns:xsi="http://www.w3.org/2001/XMLSchema-instance" xsi:noNamespaceSchemaLocation="https://maven.apache.org/surefire/maven-surefire-plugin/xsd/surefire-test-report-3.0.xsd" version="3.0" name="TestSuite" time="94.985" tests="3" errors="0" skipped="0" failures="3">
  <properties>
    <property name="java.specification.version" value="17"/>
    <property name="webdriver.chrome.driver" value="/Users/amilathmuhammed/.cache/selenium/chromedriver/mac64/96.0.4664.45/chromedriver"/>
    <property name="sun.jnu.encoding" value="UTF-8"/>
    <property name="java.class.path" value="/Users/amilathmuhammed/Documents/selenium/fashionette/target/test-classes:/Users/amilathmuhammed/Documents/selenium/fashionette/target/classes:/Users/amilathmuhammed/.m2/repository/org/seleniumhq/selenium/selenium-java/3.14.0/selenium-java-3.14.0.jar:/Users/amilathmuhammed/.m2/repository/org/seleniumhq/selenium/selenium-api/3.14.0/selenium-api-3.14.0.jar:/Users/amilathmuhammed/.m2/repository/org/seleniumhq/selenium/selenium-chrome-driver/3.14.0/selenium-chrome-driver-3.14.0.jar:/Users/amilathmuhammed/.m2/repository/org/seleniumhq/selenium/selenium-edge-driver/3.14.0/selenium-edge-driver-3.14.0.jar:/Users/amilathmuhammed/.m2/repository/org/seleniumhq/selenium/selenium-firefox-driver/3.14.0/selenium-firefox-driver-3.14.0.jar:/Users/amilathmuhammed/.m2/repository/org/seleniumhq/selenium/selenium-ie-driver/3.14.0/selenium-ie-driver-3.14.0.jar:/Users/amilathmuhammed/.m2/repository/org/seleniumhq/selenium/selenium-opera-driver/3.14.0/selenium-opera-driver-3.14.0.jar:/Users/amilathmuhammed/.m2/repository/org/seleniumhq/selenium/selenium-remote-driver/3.14.0/selenium-remote-driver-3.14.0.jar:/Users/amilathmuhammed/.m2/repository/org/seleniumhq/selenium/selenium-safari-driver/3.14.0/selenium-safari-driver-3.14.0.jar:/Users/amilathmuhammed/.m2/repository/org/seleniumhq/selenium/selenium-support/3.14.0/selenium-support-3.14.0.jar:/Users/amilathmuhammed/.m2/repository/net/bytebuddy/byte-buddy/1.8.15/byte-buddy-1.8.15.jar:/Users/amilathmuhammed/.m2/repository/org/apache/commons/commons-exec/1.3/commons-exec-1.3.jar:/Users/amilathmuhammed/.m2/repository/commons-codec/commons-codec/1.10/commons-codec-1.10.jar:/Users/amilathmuhammed/.m2/repository/commons-logging/commons-logging/1.2/commons-logging-1.2.jar:/Users/amilathmuhammed/.m2/repository/com/google/guava/guava/25.0-jre/guava-25.0-jre.jar:/Users/amilathmuhammed/.m2/repository/com/google/code/findbugs/jsr305/1.3.9/jsr305-1.3.9.jar:/Users/amilathmuhammed/.m2/repository/org/checkerframework/checker-compat-qual/2.0.0/checker-compat-qual-2.0.0.jar:/Users/amilathmuhammed/.m2/repository/com/google/errorprone/error_prone_annotations/2.1.3/error_prone_annotations-2.1.3.jar:/Users/amilathmuhammed/.m2/repository/com/google/j2objc/j2objc-annotations/1.1/j2objc-annotations-1.1.jar:/Users/amilathmuhammed/.m2/repository/org/codehaus/mojo/animal-sniffer-annotations/1.14/animal-sniffer-annotations-1.14.jar:/Users/amilathmuhammed/.m2/repository/org/apache/httpcomponents/httpclient/4.5.5/httpclient-4.5.5.jar:/Users/amilathmuhammed/.m2/repository/org/apache/httpcomponents/httpcore/4.4.9/httpcore-4.4.9.jar:/Users/amilathmuhammed/.m2/repository/com/squareup/okhttp3/okhttp/3.10.0/okhttp-3.10.0.jar:/Users/amilathmuhammed/.m2/repository/com/squareup/okio/okio/1.14.1/okio-1.14.1.jar:/Users/amilathmuhammed/.m2/repository/org/testng/testng/6.8/testng-6.8.jar:/Users/amilathmuhammed/.m2/repository/junit/junit/4.10/junit-4.10.jar:/Users/amilathmuhammed/.m2/repository/org/hamcrest/hamcrest-core/1.1/hamcrest-core-1.1.jar:/Users/amilathmuhammed/.m2/repository/org/beanshell/bsh/2.0b4/bsh-2.0b4.jar:/Users/amilathmuhammed/.m2/repository/com/beust/jcommander/1.27/jcommander-1.27.jar:/Users/amilathmuhammed/.m2/repository/org/yaml/snakeyaml/1.6/snakeyaml-1.6.jar:/Users/amilathmuhammed/.m2/repository/io/github/bonigarcia/webdrivermanager/4.4.3/webdrivermanager-4.4.3.jar:/Users/amilathmuhammed/.m2/repository/org/slf4j/slf4j-api/1.7.30/slf4j-api-1.7.30.jar:/Users/amilathmuhammed/.m2/repository/com/google/code/gson/gson/2.8.6/gson-2.8.6.jar:/Users/amilathmuhammed/.m2/repository/org/apache/commons/commons-lang3/3.12.0/commons-lang3-3.12.0.jar:/Users/amilathmuhammed/.m2/repository/org/apache/httpcomponents/client5/httpclient5/5.0.3/httpclient5-5.0.3.jar:/Users/amilathmuhammed/.m2/repository/org/apache/httpcomponents/core5/httpcore5/5.0.2/httpcore5-5.0.2.jar:/Users/amilathmuhammed/.m2/repository/org/apache/httpcomponents/core5/httpcore5-h2/5.0.2/httpcore5-h2-5.0.2.jar:/Users/amilathmuhammed/.m2/repository/org/rauschig/jarchivelib/1.1.0/jarchivelib-1.1.0.jar:/Users/amilathmuhammed/.m2/repository/org/apache/commons/commons-compress/1.20/commons-compress-1.20.jar:/Users/amilathmuhammed/.m2/repository/org/jsoup/jsoup/1.13.1/jsoup-1.13.1.jar:/Users/amilathmuhammed/.m2/repository/commons-io/commons-io/2.6/commons-io-2.6.jar:"/>
    <property name="java.vm.vendor" value="Homebrew"/>
    <property name="sun.arch.data.model" value="64"/>
    <property name="java.vendor.url" value="https://github.com/Homebrew/homebrew-core/issues"/>
    <property name="user.timezone" value="Europe/Berlin"/>
    <property name="os.name" value="Mac OS X"/>
    <property name="java.vm.specification.version" value="17"/>
    <property name="sun.java.launcher" value="SUN_STANDARD"/>
    <property name="user.country" value="DE"/>
    <property name="sun.boot.library.path" value="/opt/homebrew/Cellar/openjdk/16.0.2/libexec/openjdk.jdk/Contents/Home/lib"/>
    <property name="sun.java.command" value="/Users/amilathmuhammed/Documents/selenium/fashionette/target/surefire/surefirebooter3392354743571511137.jar /Users/amilathmuhammed/Documents/selenium/fashionette/target/surefire 2021-11-28T23-44-17_627-jvmRun1 surefire14283004734746419338tmp surefire_05159581902392543332tmp"/>
    <property name="jdk.debug" value="release"/>
    <property name="surefire.test.class.path" value="/Users/amilathmuhammed/Documents/selenium/fashionette/target/test-classes:/Users/amilathmuhammed/Documents/selenium/fashionette/target/classes:/Users/amilathmuhammed/.m2/repository/org/seleniumhq/selenium/selenium-java/3.14.0/selenium-java-3.14.0.jar:/Users/amilathmuhammed/.m2/repository/org/seleniumhq/selenium/selenium-api/3.14.0/selenium-api-3.14.0.jar:/Users/amilathmuhammed/.m2/repository/org/seleniumhq/selenium/selenium-chrome-driver/3.14.0/selenium-chrome-driver-3.14.0.jar:/Users/amilathmuhammed/.m2/repository/org/seleniumhq/selenium/selenium-edge-driver/3.14.0/selenium-edge-driver-3.14.0.jar:/Users/amilathmuhammed/.m2/repository/org/seleniumhq/selenium/selenium-firefox-driver/3.14.0/selenium-firefox-driver-3.14.0.jar:/Users/amilathmuhammed/.m2/repository/org/seleniumhq/selenium/selenium-ie-driver/3.14.0/selenium-ie-driver-3.14.0.jar:/Users/amilathmuhammed/.m2/repository/org/seleniumhq/selenium/selenium-opera-driver/3.14.0/selenium-opera-driver-3.14.0.jar:/Users/amilathmuhammed/.m2/repository/org/seleniumhq/selenium/selenium-remote-driver/3.14.0/selenium-remote-driver-3.14.0.jar:/Users/amilathmuhammed/.m2/repository/org/seleniumhq/selenium/selenium-safari-driver/3.14.0/selenium-safari-driver-3.14.0.jar:/Users/amilathmuhammed/.m2/repository/org/seleniumhq/selenium/selenium-support/3.14.0/selenium-support-3.14.0.jar:/Users/amilathmuhammed/.m2/repository/net/bytebuddy/byte-buddy/1.8.15/byte-buddy-1.8.15.jar:/Users/amilathmuhammed/.m2/repository/org/apache/commons/commons-exec/1.3/commons-exec-1.3.jar:/Users/amilathmuhammed/.m2/repository/commons-codec/commons-codec/1.10/commons-codec-1.10.jar:/Users/amilathmuhammed/.m2/repository/commons-logging/commons-logging/1.2/commons-logging-1.2.jar:/Users/amilathmuhammed/.m2/repository/com/google/guava/guava/25.0-jre/guava-25.0-jre.jar:/Users/amilathmuhammed/.m2/repository/com/google/code/findbugs/jsr305/1.3.9/jsr305-1.3.9.jar:/Users/amilathmuhammed/.m2/repository/org/checkerframework/checker-compat-qual/2.0.0/checker-compat-qual-2.0.0.jar:/Users/amilathmuhammed/.m2/repository/com/google/errorprone/error_prone_annotations/2.1.3/error_prone_annotations-2.1.3.jar:/Users/amilathmuhammed/.m2/repository/com/google/j2objc/j2objc-annotations/1.1/j2objc-annotations-1.1.jar:/Users/amilathmuhammed/.m2/repository/org/codehaus/mojo/animal-sniffer-annotations/1.14/animal-sniffer-annotations-1.14.jar:/Users/amilathmuhammed/.m2/repository/org/apache/httpcomponents/httpclient/4.5.5/httpclient-4.5.5.jar:/Users/amilathmuhammed/.m2/repository/org/apache/httpcomponents/httpcore/4.4.9/httpcore-4.4.9.jar:/Users/amilathmuhammed/.m2/repository/com/squareup/okhttp3/okhttp/3.10.0/okhttp-3.10.0.jar:/Users/amilathmuhammed/.m2/repository/com/squareup/okio/okio/1.14.1/okio-1.14.1.jar:/Users/amilathmuhammed/.m2/repository/org/testng/testng/6.8/testng-6.8.jar:/Users/amilathmuhammed/.m2/repository/junit/junit/4.10/junit-4.10.jar:/Users/amilathmuhammed/.m2/repository/org/hamcrest/hamcrest-core/1.1/hamcrest-core-1.1.jar:/Users/amilathmuhammed/.m2/repository/org/beanshell/bsh/2.0b4/bsh-2.0b4.jar:/Users/amilathmuhammed/.m2/repository/com/beust/jcommander/1.27/jcommander-1.27.jar:/Users/amilathmuhammed/.m2/repository/org/yaml/snakeyaml/1.6/snakeyaml-1.6.jar:/Users/amilathmuhammed/.m2/repository/io/github/bonigarcia/webdrivermanager/4.4.3/webdrivermanager-4.4.3.jar:/Users/amilathmuhammed/.m2/repository/org/slf4j/slf4j-api/1.7.30/slf4j-api-1.7.30.jar:/Users/amilathmuhammed/.m2/repository/com/google/code/gson/gson/2.8.6/gson-2.8.6.jar:/Users/amilathmuhammed/.m2/repository/org/apache/commons/commons-lang3/3.12.0/commons-lang3-3.12.0.jar:/Users/amilathmuhammed/.m2/repository/org/apache/httpcomponents/client5/httpclient5/5.0.3/httpclient5-5.0.3.jar:/Users/amilathmuhammed/.m2/repository/org/apache/httpcomponents/core5/httpcore5/5.0.2/httpcore5-5.0.2.jar:/Users/amilathmuhammed/.m2/repository/org/apache/httpcomponents/core5/httpcore5-h2/5.0.2/httpcore5-h2-5.0.2.jar:/Users/amilathmuhammed/.m2/repository/org/rauschig/jarchivelib/1.1.0/jarchivelib-1.1.0.jar:/Users/amilathmuhammed/.m2/repository/org/apache/commons/commons-compress/1.20/commons-compress-1.20.jar:/Users/amilathmuhammed/.m2/repository/org/jsoup/jsoup/1.13.1/jsoup-1.13.1.jar:/Users/amilathmuhammed/.m2/repository/commons-io/commons-io/2.6/commons-io-2.6.jar:"/>
    <property name="sun.cpu.endian" value="little"/>
    <property name="user.home" value="/Users/amilathmuhammed"/>
    <property name="user.language" value="en"/>
    <property name="java.specification.vendor" value="Oracle Corporation"/>
    <property name="java.version.date" value="2021-09-14"/>
    <property name="java.home" value="/opt/homebrew/Cellar/openjdk/16.0.2/libexec/openjdk.jdk/Contents/Home"/>
    <property name="file.separator" value="/"/>
    <property name="basedir" value="/Users/amilathmuhammed/Documents/selenium/fashionette"/>
    <property name="java.vm.compressedOopsMode" value="Zero based"/>
    <property name="line.separator" value="&#10;"/>
    <property name="java.vm.specification.vendor" value="Oracle Corporation"/>
    <property name="java.specification.name" value="Java Platform API Specification"/>
    <property name="surefire.real.class.path" value="/Users/amilathmuhammed/Documents/selenium/fashionette/target/surefire/surefirebooter3392354743571511137.jar"/>
    <property name="sun.management.compiler" value="HotSpot 64-Bit Tiered Compilers"/>
    <property name="java.runtime.version" value="17+0"/>
    <property name="user.name" value="amilathmuhammed"/>
    <property name="path.separator" value=":"/>
    <property name="os.version" value="12.0.1"/>
    <property name="java.runtime.name" value="OpenJDK Runtime Environment"/>
    <property name="file.encoding" value="US-ASCII"/>
    <property name="java.vm.name" value="OpenJDK 64-Bit Server VM"/>
    <property name="java.vendor.version" value="Homebrew"/>
    <property name="localRepository" value="/Users/amilathmuhammed/.m2/repository"/>
    <property name="java.vendor.url.bug" value="https://github.com/Homebrew/homebrew-core/issues"/>
    <property name="java.io.tmpdir" value="/var/folders/1s/klpym2k53j17kmqvwrw153_m0000gn/T/"/>
    <property name="java.version" value="17"/>
    <property name="user.dir" value="/Users/amilathmuhammed/Documents/selenium/fashionette"/>
    <property name="os.arch" value="aarch64"/>
    <property name="java.vm.specification.name" value="Java Virtual Machine Specification"/>
    <property name="native.encoding" value="US-ASCII"/>
    <property name="java.library.path" value="/Users/amilathmuhammed/Library/Java/Extensions:/Library/Java/Extensions:/Network/Library/Java/Extensions:/System/Library/Java/Extensions:/usr/lib/java:."/>
    <property name="java.vm.info" value="mixed mode"/>
    <property name="java.vendor" value="Homebrew"/>
    <property name="java.vm.version" value="17+0"/>
    <property name="sun.io.unicode.encoding" value="UnicodeBig"/>
    <property name="java.class.version" value="61.0"/>
  </properties>
  <testcase name="verifyProductAddedToCart" classname="com.fashionette.tests.AddToCartTest" time="28.308">
    <failure message="Item was not added to cart expected [BEREITS IM WARENKORB] but found [IN DEN WARENKORB]" type="java.lang.AssertionError"><![CDATA[java.lang.AssertionError: Item was not added to cart expected [BEREITS IM WARENKORB] but found [IN DEN WARENKORB]
	at com.fashionette.tests.AddToCartTest.verifyProductAddedToCart(AddToCartTest.java:56)
]]></failure>
    <system-err><![CDATA[SLF4J: Failed to load class "org.slf4j.impl.StaticLoggerBinder".
SLF4J: Defaulting to no-operation (NOP) logger implementation
SLF4J: See http://www.slf4j.org/codes.html#StaticLoggerBinder for further details.
Starting ChromeDriver 96.0.4664.45 (76e4c1bb2ab4671b8beba3444e61c0f17584b2fc-refs/branch-heads/4664@{#947}) on port 4016
Only local connections are allowed.
Please see https://chromedriver.chromium.org/security-considerations for suggestions on keeping ChromeDriver safe.
ChromeDriver was started successfully.
Nov 28, 2021 11:44:21 PM org.openqa.selenium.remote.ProtocolHandshake createSession
INFO: Detected dialect: W3C
]]></system-err>
  </testcase>
  <testcase name="verifyVoucherApplied" classname="com.fashionette.tests.ApplyVoucherTest" time="23.636">
    <failure message="Coupon code did not applied expected [true] but found [false]" type="java.lang.AssertionError"><![CDATA[java.lang.AssertionError: Coupon code did not applied expected [true] but found [false]
	at com.fashionette.tests.ApplyVoucherTest.verifyVoucherApplied(ApplyVoucherTest.java:41)
]]></failure>
    <system-err><![CDATA[Starting ChromeDriver 96.0.4664.45 (76e4c1bb2ab4671b8beba3444e61c0f17584b2fc-refs/branch-heads/4664@{#947}) on port 23161
Only local connections are allowed.
Please see https://chromedriver.chromium.org/security-considerations for suggestions on keeping ChromeDriver safe.
ChromeDriver was started successfully.
Nov 28, 2021 11:44:59 PM org.openqa.selenium.remote.ProtocolHandshake createSession
INFO: Detected dialect: W3C
]]></system-err>
  </testcase>
  <testcase name="verifyUserDataGetModified" classname="com.fashionette.tests.ModifyUserDataTest" time="13.126">
    <failure message="user data is not modified  expected [true] but found [false]" type="java.lang.AssertionError"><![CDATA[java.lang.AssertionError: user data is not modified  expected [true] but found [false]
	at com.fashionette.tests.ModifyUserDataTest.verifyUserDataGetModified(ModifyUserDataTest.java:40)
]]></failure>
    <system-err><![CDATA[Starting ChromeDriver 96.0.4664.45 (76e4c1bb2ab4671b8beba3444e61c0f17584b2fc-refs/branch-heads/4664@{#947}) on port 41048
Only local connections are allowed.
Please see https://chromedriver.chromium.org/security-considerations for suggestions on keeping ChromeDriver safe.
ChromeDriver was started successfully.
Nov 28, 2021 11:45:33 PM org.openqa.selenium.remote.ProtocolHandshake createSession
INFO: Detected dialect: W3C
]]></system-err>
  </testcase>
</testsuite>